Command line invocation:
    /Applications/Xcode.app/Contents/Developer/usr/bin/xcodebuild -project WorkoutTracker.xcodeproj -scheme WorkoutTracker -configuration Debug -destination id=6E9FA941-760F-4177-90DE-5F6042A71E3D -derivedDataPath build/DerivedData build

--- xcodebuild: WARNING: Using the first of multiple matching destinations:
{ platform:iOS Simulator, arch:arm64, id:6E9FA941-760F-4177-90DE-5F6042A71E3D, OS:17.2, name:iPhone 15 }
{ platform:iOS Simulator, arch:x86_64, id:6E9FA941-760F-4177-90DE-5F6042A71E3D, OS:17.2, name:iPhone 15 }
ComputePackagePrebuildTargetDependencyGraph

Prepare packages

CreateBuildRequest

SendProjectDescription

CreateBuildOperation

ComputeTargetDependencyGraph
note: Building targets in dependency order
note: Target dependency graph (1 target)
    Target 'WorkoutTracker' in project 'WorkoutTracker' (no dependencies)

GatherProvisioningInputs

CreateBuildDescription

ClangStatCache /Applications/Xcode.app/Contents/Developer/Toolchains/XcodeDefault.xctoolchain/usr/bin/clang-stat-cache /Applications/Xcode.app/Contents/Developer/Platforms/iPhoneSimulator.platform/Developer/SDKs/iPhoneSimulator18.4.sdk /Users/admirablebelsnickle/Desktop/workout-tracker/WorkoutTrackerFull/build/DerivedData/SDKStatCaches.noindex/iphonesimulator18.4-22E235-71825a6d136aa4733edcbe86ece5525b.sdkstatcache
    cd /Users/admirablebelsnickle/Desktop/workout-tracker/WorkoutTrackerFull/WorkoutTracker.xcodeproj
    /Applications/Xcode.app/Contents/Developer/Toolchains/XcodeDefault.xctoolchain/usr/bin/clang-stat-cache /Applications/Xcode.app/Contents/Developer/Platforms/iPhoneSimulator.platform/Developer/SDKs/iPhoneSimulator18.4.sdk -o /Users/admirablebelsnickle/Desktop/workout-tracker/WorkoutTrackerFull/build/DerivedData/SDKStatCaches.noindex/iphonesimulator18.4-22E235-71825a6d136aa4733edcbe86ece5525b.sdkstatcache

note: Disabling previews because SWIFT_VERSION is set and SWIFT_OPTIMIZATION_LEVEL=-O, expected -Onone (in target 'WorkoutTracker' from project 'WorkoutTracker')
SwiftDriver WorkoutTracker normal arm64 com.apple.xcode.tools.swift.compiler (in target 'WorkoutTracker' from project 'WorkoutTracker')
    cd /Users/admirablebelsnickle/Desktop/workout-tracker/WorkoutTrackerFull
    builtin-SwiftDriver -- /Applications/Xcode.app/Contents/Developer/Toolchains/XcodeDefault.xctoolchain/usr/bin/swiftc -module-name WorkoutTracker -O -enforce-exclusivity\=checked @/Users/admirablebelsnickle/Desktop/workout-tracker/WorkoutTrackerFull/build/DerivedData/Build/Intermediates.noindex/WorkoutTracker.build/Debug-iphonesimulator/WorkoutTracker.build/Objects-normal/arm64/WorkoutTracker.SwiftFileList -enable-bare-slash-regex -enable-experimental-feature DebugDescriptionMacro -sdk /Applications/Xcode.app/Contents/Developer/Platforms/iPhoneSimulator.platform/Developer/SDKs/iPhoneSimulator18.4.sdk -target arm64-apple-ios17.0-simulator -g -module-cache-path /Users/admirablebelsnickle/Desktop/workout-tracker/WorkoutTrackerFull/build/DerivedData/ModuleCache.noindex -Xfrontend -serialize-debugging-options -enable-testing -swift-version 5 -I /Users/admirablebelsnickle/Desktop/workout-tracker/WorkoutTrackerFull/build/DerivedData/Build/Products/Debug-iphonesimulator -F /Users/admirablebelsnickle/Desktop/workout-tracker/WorkoutTrackerFull/build/DerivedData/Build/Products/Debug-iphonesimulator -c -j10 -enable-batch-mode -incremental -Xcc -ivfsstatcache -Xcc /Users/admirablebelsnickle/Desktop/workout-tracker/WorkoutTrackerFull/build/DerivedData/SDKStatCaches.noindex/iphonesimulator18.4-22E235-71825a6d136aa4733edcbe86ece5525b.sdkstatcache -output-file-map /Users/admirablebelsnickle/Desktop/workout-tracker/WorkoutTrackerFull/build/DerivedData/Build/Intermediates.noindex/WorkoutTracker.build/Debug-iphonesimulator/WorkoutTracker.build/Objects-normal/arm64/WorkoutTracker-OutputFileMap.json -use-frontend-parseable-output -save-temps -no-color-diagnostics -serialize-diagnostics -emit-dependencies -emit-module -emit-module-path /Users/admirablebelsnickle/Desktop/workout-tracker/WorkoutTrackerFull/build/DerivedData/Build/Intermediates.noindex/WorkoutTracker.build/Debug-iphonesimulator/WorkoutTracker.build/Objects-normal/arm64/WorkoutTracker.swiftmodule -validate-clang-modules-once -clang-build-session-file /Users/admirablebelsnickle/Desktop/workout-tracker/WorkoutTrackerFull/build/DerivedData/ModuleCache.noindex/Session.modulevalidation -Xcc -I/Users/admirablebelsnickle/Desktop/workout-tracker/WorkoutTrackerFull/build/DerivedData/Build/Intermediates.noindex/WorkoutTracker.build/Debug-iphonesimulator/WorkoutTracker.build/swift-overrides.hmap -emit-const-values -Xfrontend -const-gather-protocols-file -Xfrontend /Users/admirablebelsnickle/Desktop/workout-tracker/WorkoutTrackerFull/build/DerivedData/Build/Intermediates.noindex/WorkoutTracker.build/Debug-iphonesimulator/WorkoutTracker.build/Objects-normal/arm64/WorkoutTracker_const_extract_protocols.json -Xcc -iquote -Xcc /Users/admirablebelsnickle/Desktop/workout-tracker/WorkoutTrackerFull/build/DerivedData/Build/Intermediates.noindex/WorkoutTracker.build/Debug-iphonesimulator/WorkoutTracker.build/WorkoutTracker-generated-files.hmap -Xcc -I/Users/admirablebelsnickle/Desktop/workout-tracker/WorkoutTrackerFull/build/DerivedData/Build/Intermediates.noindex/WorkoutTracker.build/Debug-iphonesimulator/WorkoutTracker.build/WorkoutTracker-own-target-headers.hmap -Xcc -I/Users/admirablebelsnickle/Desktop/workout-tracker/WorkoutTrackerFull/build/DerivedData/Build/Intermediates.noindex/WorkoutTracker.build/Debug-iphonesimulator/WorkoutTracker.build/WorkoutTracker-all-target-headers.hmap -Xcc -iquote -Xcc /Users/admirablebelsnickle/Desktop/workout-tracker/WorkoutTrackerFull/build/DerivedData/Build/Intermediates.noindex/WorkoutTracker.build/Debug-iphonesimulator/WorkoutTracker.build/WorkoutTracker-project-headers.hmap -Xcc -I/Users/admirablebelsnickle/Desktop/workout-tracker/WorkoutTrackerFull/build/DerivedData/Build/Products/Debug-iphonesimulator/include -Xcc -I/Users/admirablebelsnickle/Desktop/workout-tracker/WorkoutTrackerFull/build/DerivedData/Build/Intermediates.noindex/WorkoutTracker.build/Debug-iphonesimulator/WorkoutTracker.build/DerivedSources-normal/arm64 -Xcc -I/Users/admirablebelsnickle/Desktop/workout-tracker/WorkoutTrackerFull/build/DerivedData/Build/Intermediates.noindex/WorkoutTracker.build/Debug-iphonesimulator/WorkoutTracker.build/DerivedSources/arm64 -Xcc -I/Users/admirablebelsnickle/Desktop/workout-tracker/WorkoutTrackerFull/build/DerivedData/Build/Intermediates.noindex/WorkoutTracker.build/Debug-iphonesimulator/WorkoutTracker.build/DerivedSources -Xcc -DDEBUG\=1 -emit-objc-header -emit-objc-header-path /Users/admirablebelsnickle/Desktop/workout-tracker/WorkoutTrackerFull/build/DerivedData/Build/Intermediates.noindex/WorkoutTracker.build/Debug-iphonesimulator/WorkoutTracker.build/Objects-normal/arm64/WorkoutTracker-Swift.h -working-directory /Users/admirablebelsnickle/Desktop/workout-tracker/WorkoutTrackerFull -experimental-emit-module-separately -disable-cmo

SwiftCompile normal arm64 Compiling\ UserFacingError.swift,\ ImageStore.swift,\ GoalProgressService.swift,\ Exercise.swift /Users/admirablebelsnickle/Desktop/workout-tracker/WorkoutTrackerFull/WorkoutTracker/Utilities/UserFacingError.swift /Users/admirablebelsnickle/Desktop/workout-tracker/WorkoutTrackerFull/WorkoutTracker/Services/ImageStore.swift /Users/admirablebelsnickle/Desktop/workout-tracker/WorkoutTrackerFull/WorkoutTracker/Services/GoalProgressService.swift /Users/admirablebelsnickle/Desktop/workout-tracker/WorkoutTrackerFull/WorkoutTracker/Models/Exercise.swift (in target 'WorkoutTracker' from project 'WorkoutTracker')

SwiftCompile normal arm64 /Users/admirablebelsnickle/Desktop/workout-tracker/WorkoutTrackerFull/WorkoutTracker/Utilities/UserFacingError.swift (in target 'WorkoutTracker' from project 'WorkoutTracker')
    cd /Users/admirablebelsnickle/Desktop/workout-tracker/WorkoutTrackerFull
    

SwiftCompile normal arm64 /Users/admirablebelsnickle/Desktop/workout-tracker/WorkoutTrackerFull/WorkoutTracker/Services/ImageStore.swift (in target 'WorkoutTracker' from project 'WorkoutTracker')
    cd /Users/admirablebelsnickle/Desktop/workout-tracker/WorkoutTrackerFull
    

SwiftCompile normal arm64 /Users/admirablebelsnickle/Desktop/workout-tracker/WorkoutTrackerFull/WorkoutTracker/Services/GoalProgressService.swift (in target 'WorkoutTracker' from project 'WorkoutTracker')
    cd /Users/admirablebelsnickle/Desktop/workout-tracker/WorkoutTrackerFull
    

SwiftCompile normal arm64 /Users/admirablebelsnickle/Desktop/workout-tracker/WorkoutTrackerFull/WorkoutTracker/Models/Exercise.swift (in target 'WorkoutTracker' from project 'WorkoutTracker')
    cd /Users/admirablebelsnickle/Desktop/workout-tracker/WorkoutTrackerFull
    

SwiftCompile normal arm64 Compiling\ StrengthSet.swift,\ CardioSession.swift,\ WeightEntry.swift,\ JournalEntry.swift /Users/admirablebelsnickle/Desktop/workout-tracker/WorkoutTrackerFull/WorkoutTracker/Models/StrengthSet.swift /Users/admirablebelsnickle/Desktop/workout-tracker/WorkoutTrackerFull/WorkoutTracker/Models/CardioSession.swift /Users/admirablebelsnickle/Desktop/workout-tracker/WorkoutTrackerFull/WorkoutTracker/Models/WeightEntry.swift /Users/admirablebelsnickle/Desktop/workout-tracker/WorkoutTrackerFull/WorkoutTracker/Models/JournalEntry.swift (in target 'WorkoutTracker' from project 'WorkoutTracker')

SwiftCompile normal arm64 /Users/admirablebelsnickle/Desktop/workout-tracker/WorkoutTrackerFull/WorkoutTracker/Models/StrengthSet.swift (in target 'WorkoutTracker' from project 'WorkoutTracker')
    cd /Users/admirablebelsnickle/Desktop/workout-tracker/WorkoutTrackerFull
    

SwiftCompile normal arm64 /Users/admirablebelsnickle/Desktop/workout-tracker/WorkoutTrackerFull/WorkoutTracker/Models/CardioSession.swift (in target 'WorkoutTracker' from project 'WorkoutTracker')
    cd /Users/admirablebelsnickle/Desktop/workout-tracker/WorkoutTrackerFull
    

SwiftCompile normal arm64 /Users/admirablebelsnickle/Desktop/workout-tracker/WorkoutTrackerFull/WorkoutTracker/Models/WeightEntry.swift (in target 'WorkoutTracker' from project 'WorkoutTracker')
    cd /Users/admirablebelsnickle/Desktop/workout-tracker/WorkoutTrackerFull
    

SwiftCompile normal arm64 /Users/admirablebelsnickle/Desktop/workout-tracker/WorkoutTrackerFull/WorkoutTracker/Models/JournalEntry.swift (in target 'WorkoutTracker' from project 'WorkoutTracker')
    cd /Users/admirablebelsnickle/Desktop/workout-tracker/WorkoutTrackerFull
    

SwiftCompile normal arm64 Compiling\ AddTrackingCustomView.swift,\ LogTrackableEntrySheet.swift,\ AnalyzeView.swift /Users/admirablebelsnickle/Desktop/workout-tracker/WorkoutTrackerFull/WorkoutTracker/Views/Track/AddTrackingCustomView.swift /Users/admirablebelsnickle/Desktop/workout-tracker/WorkoutTrackerFull/WorkoutTracker/Views/Track/LogTrackableEntrySheet.swift /Users/admirablebelsnickle/Desktop/workout-tracker/WorkoutTrackerFull/WorkoutTracker/Views/Analyze/AnalyzeView.swift (in target 'WorkoutTracker' from project 'WorkoutTracker')
SwiftCompile normal arm64 /Users/admirablebelsnickle/Desktop/workout-tracker/WorkoutTrackerFull/WorkoutTracker/Views/Track/AddTrackingCustomView.swift (in target 'WorkoutTracker' from project 'WorkoutTracker')
    cd /Users/admirablebelsnickle/Desktop/workout-tracker/WorkoutTrackerFull
    

SwiftCompile normal arm64 /Users/admirablebelsnickle/Desktop/workout-tracker/WorkoutTrackerFull/WorkoutTracker/Views/Track/LogTrackableEntrySheet.swift (in target 'WorkoutTracker' from project 'WorkoutTracker')
    cd /Users/admirablebelsnickle/Desktop/workout-tracker/WorkoutTrackerFull
    

SwiftCompile normal arm64 /Users/admirablebelsnickle/Desktop/workout-tracker/WorkoutTrackerFull/WorkoutTracker/Views/Analyze/AnalyzeView.swift (in target 'WorkoutTracker' from project 'WorkoutTracker')
    cd /Users/admirablebelsnickle/Desktop/workout-tracker/WorkoutTrackerFull
    

SwiftCompile normal arm64 Compiling\ WorkoutTrackerApp.swift,\ RootTabView.swift,\ Date+Only.swift,\ Units.swift /Users/admirablebelsnickle/Desktop/workout-tracker/WorkoutTrackerFull/WorkoutTracker/WorkoutTrackerApp.swift /Users/admirablebelsnickle/Desktop/workout-tracker/WorkoutTrackerFull/WorkoutTracker/Views/RootTabView.swift /Users/admirablebelsnickle/Desktop/workout-tracker/WorkoutTrackerFull/WorkoutTracker/Utilities/Date+Only.swift /Users/admirablebelsnickle/Desktop/workout-tracker/WorkoutTrackerFull/WorkoutTracker/Utilities/Units.swift (in target 'WorkoutTracker' from project 'WorkoutTracker')

SwiftCompile normal arm64 /Users/admirablebelsnickle/Desktop/workout-tracker/WorkoutTrackerFull/WorkoutTracker/WorkoutTrackerApp.swift (in target 'WorkoutTracker' from project 'WorkoutTracker')
    cd /Users/admirablebelsnickle/Desktop/workout-tracker/WorkoutTrackerFull
    

SwiftCompile normal arm64 /Users/admirablebelsnickle/Desktop/workout-tracker/WorkoutTrackerFull/WorkoutTracker/Views/RootTabView.swift (in target 'WorkoutTracker' from project 'WorkoutTracker')
    cd /Users/admirablebelsnickle/Desktop/workout-tracker/WorkoutTrackerFull
    

SwiftCompile normal arm64 /Users/admirablebelsnickle/Desktop/workout-tracker/WorkoutTrackerFull/WorkoutTracker/Utilities/Date+Only.swift (in target 'WorkoutTracker' from project 'WorkoutTracker')
    cd /Users/admirablebelsnickle/Desktop/workout-tracker/WorkoutTrackerFull
    

SwiftCompile normal arm64 /Users/admirablebelsnickle/Desktop/workout-tracker/WorkoutTrackerFull/WorkoutTracker/Utilities/Units.swift (in target 'WorkoutTracker' from project 'WorkoutTracker')
    cd /Users/admirablebelsnickle/Desktop/workout-tracker/WorkoutTrackerFull
    

SwiftCompile normal arm64 Compiling\ JournalView.swift,\ SettingsView.swift,\ TrackableCatalogView.swift /Users/admirablebelsnickle/Desktop/workout-tracker/WorkoutTrackerFull/WorkoutTracker/Views/Journal/JournalView.swift /Users/admirablebelsnickle/Desktop/workout-tracker/WorkoutTrackerFull/WorkoutTracker/Views/Settings/SettingsView.swift /Users/admirablebelsnickle/Desktop/workout-tracker/WorkoutTrackerFull/WorkoutTracker/Views/Settings/TrackableCatalogView.swift (in target 'WorkoutTracker' from project 'WorkoutTracker')
SwiftCompile normal arm64 /Users/admirablebelsnickle/Desktop/workout-tracker/WorkoutTrackerFull/WorkoutTracker/Views/Journal/JournalView.swift (in target 'WorkoutTracker' from project 'WorkoutTracker')
    cd /Users/admirablebelsnickle/Desktop/workout-tracker/WorkoutTrackerFull
    
/Users/admirablebelsnickle/Desktop/workout-tracker/WorkoutTrackerFull/WorkoutTracker/Views/Journal/JournalView.swift:84:22: warning: 'onChange(of:perform:)' was deprecated in iOS 17.0: Use `onChange` with a two or zero parameter action closure instead.
                    .onChange(of: pickedItems) { newItems in
                     ^
/Users/admirablebelsnickle/Desktop/workout-tracker/WorkoutTrackerFull/WorkoutTracker/Views/Journal/JournalView.swift:180:10: warning: 'onChange(of:perform:)' was deprecated in iOS 17.0: Use `onChange` with a two or zero parameter action closure instead.
        .onChange(of: day) { _ in _ = entry(for: day) }
         ^

SwiftCompile normal arm64 /Users/admirablebelsnickle/Desktop/workout-tracker/WorkoutTrackerFull/WorkoutTracker/Views/Settings/SettingsView.swift (in target 'WorkoutTracker' from project 'WorkoutTracker')
    cd /Users/admirablebelsnickle/Desktop/workout-tracker/WorkoutTrackerFull
    

SwiftCompile normal arm64 /Users/admirablebelsnickle/Desktop/workout-tracker/WorkoutTrackerFull/WorkoutTracker/Views/Settings/TrackableCatalogView.swift (in target 'WorkoutTracker' from project 'WorkoutTracker')
    cd /Users/admirablebelsnickle/Desktop/workout-tracker/WorkoutTrackerFull
    

SwiftEmitModule normal arm64 Emitting\ module\ for\ WorkoutTracker (in target 'WorkoutTracker' from project 'WorkoutTracker')

EmitSwiftModule normal arm64 (in target 'WorkoutTracker' from project 'WorkoutTracker')
    cd /Users/admirablebelsnickle/Desktop/workout-tracker/WorkoutTrackerFull
    

SwiftCompile normal arm64 Compiling\ SummaryCard.swift,\ AddSetSheet.swift,\ EditSetSheet.swift,\ AddCardioSheet.swift /Users/admirablebelsnickle/Desktop/workout-tracker/WorkoutTrackerFull/WorkoutTracker/Views/Shared/SummaryCard.swift /Users/admirablebelsnickle/Desktop/workout-tracker/WorkoutTrackerFull/WorkoutTracker/Views/Track/AddSetSheet.swift /Users/admirablebelsnickle/Desktop/workout-tracker/WorkoutTrackerFull/WorkoutTracker/Views/Track/EditSetSheet.swift /Users/admirablebelsnickle/Desktop/workout-tracker/WorkoutTrackerFull/WorkoutTracker/Views/Track/AddCardioSheet.swift (in target 'WorkoutTracker' from project 'WorkoutTracker')

SwiftCompile normal arm64 /Users/admirablebelsnickle/Desktop/workout-tracker/WorkoutTrackerFull/WorkoutTracker/Views/Shared/SummaryCard.swift (in target 'WorkoutTracker' from project 'WorkoutTracker')
    cd /Users/admirablebelsnickle/Desktop/workout-tracker/WorkoutTrackerFull
    

SwiftCompile normal arm64 /Users/admirablebelsnickle/Desktop/workout-tracker/WorkoutTrackerFull/WorkoutTracker/Views/Track/AddSetSheet.swift (in target 'WorkoutTracker' from project 'WorkoutTracker')
    cd /Users/admirablebelsnickle/Desktop/workout-tracker/WorkoutTrackerFull
    

SwiftCompile normal arm64 /Users/admirablebelsnickle/Desktop/workout-tracker/WorkoutTrackerFull/WorkoutTracker/Views/Track/EditSetSheet.swift (in target 'WorkoutTracker' from project 'WorkoutTracker')
    cd /Users/admirablebelsnickle/Desktop/workout-tracker/WorkoutTrackerFull
    

SwiftCompile normal arm64 /Users/admirablebelsnickle/Desktop/workout-tracker/WorkoutTrackerFull/WorkoutTracker/Views/Track/AddCardioSheet.swift (in target 'WorkoutTracker' from project 'WorkoutTracker')
    cd /Users/admirablebelsnickle/Desktop/workout-tracker/WorkoutTrackerFull
    

SwiftCompile normal arm64 Compiling\ PRsView.swift,\ GoalsView.swift,\ GoalEditorView.swift /Users/admirablebelsnickle/Desktop/workout-tracker/WorkoutTrackerFull/WorkoutTracker/Views/PRs/PRsView.swift /Users/admirablebelsnickle/Desktop/workout-tracker/WorkoutTrackerFull/WorkoutTracker/Views/Goals/GoalsView.swift /Users/admirablebelsnickle/Desktop/workout-tracker/WorkoutTrackerFull/WorkoutTracker/Views/Goals/GoalEditorView.swift (in target 'WorkoutTracker' from project 'WorkoutTracker')
SwiftCompile normal arm64 /Users/admirablebelsnickle/Desktop/workout-tracker/WorkoutTrackerFull/WorkoutTracker/Views/PRs/PRsView.swift (in target 'WorkoutTracker' from project 'WorkoutTracker')
    cd /Users/admirablebelsnickle/Desktop/workout-tracker/WorkoutTrackerFull
    

SwiftCompile normal arm64 /Users/admirablebelsnickle/Desktop/workout-tracker/WorkoutTrackerFull/WorkoutTracker/Views/Goals/GoalsView.swift (in target 'WorkoutTracker' from project 'WorkoutTracker')
    cd /Users/admirablebelsnickle/Desktop/workout-tracker/WorkoutTrackerFull
    

SwiftCompile normal arm64 /Users/admirablebelsnickle/Desktop/workout-tracker/WorkoutTrackerFull/WorkoutTracker/Views/Goals/GoalEditorView.swift (in target 'WorkoutTracker' from project 'WorkoutTracker')
    cd /Users/admirablebelsnickle/Desktop/workout-tracker/WorkoutTrackerFull
    
/Users/admirablebelsnickle/Desktop/workout-tracker/WorkoutTrackerFull/WorkoutTracker/Views/Goals/GoalEditorView.swift:227:13: warning: variable 'resolvedUnit' was never mutated; consider changing to 'let' constant
        var resolvedUnit = resolvedUnitText()
        ~~~ ^
        let

SwiftCompile normal arm64 Compiling\ EditCardioSheet.swift,\ AddExerciseSheet.swift,\ AddTrackingSheet.swift /Users/admirablebelsnickle/Desktop/workout-tracker/WorkoutTrackerFull/WorkoutTracker/Views/Track/EditCardioSheet.swift /Users/admirablebelsnickle/Desktop/workout-tracker/WorkoutTrackerFull/WorkoutTracker/Views/Track/AddExerciseSheet.swift /Users/admirablebelsnickle/Desktop/workout-tracker/WorkoutTrackerFull/WorkoutTracker/Views/Track/AddTrackingSheet.swift (in target 'WorkoutTracker' from project 'WorkoutTracker')

SwiftCompile normal arm64 /Users/admirablebelsnickle/Desktop/workout-tracker/WorkoutTrackerFull/WorkoutTracker/Views/Track/EditCardioSheet.swift (in target 'WorkoutTracker' from project 'WorkoutTracker')
    cd /Users/admirablebelsnickle/Desktop/workout-tracker/WorkoutTrackerFull
    

SwiftCompile normal arm64 /Users/admirablebelsnickle/Desktop/workout-tracker/WorkoutTrackerFull/WorkoutTracker/Views/Track/AddExerciseSheet.swift (in target 'WorkoutTracker' from project 'WorkoutTracker')
    cd /Users/admirablebelsnickle/Desktop/workout-tracker/WorkoutTrackerFull
    

SwiftCompile normal arm64 /Users/admirablebelsnickle/Desktop/workout-tracker/WorkoutTrackerFull/WorkoutTracker/Views/Track/AddTrackingSheet.swift (in target 'WorkoutTracker' from project 'WorkoutTracker')
    cd /Users/admirablebelsnickle/Desktop/workout-tracker/WorkoutTrackerFull
    

SwiftCompile normal arm64 Compiling\ MuscleGroups.swift,\ TrackableLog.swift,\ GeneratedAssetSymbols.swift /Users/admirablebelsnickle/Desktop/workout-tracker/WorkoutTrackerFull/WorkoutTracker/Utilities/MuscleGroups.swift /Users/admirablebelsnickle/Desktop/workout-tracker/WorkoutTrackerFull/WorkoutTracker/Models/TrackableLog.swift /Users/admirablebelsnickle/Desktop/workout-tracker/WorkoutTrackerFull/build/DerivedData/Build/Intermediates.noindex/WorkoutTracker.build/Debug-iphonesimulator/WorkoutTracker.build/DerivedSources/GeneratedAssetSymbols.swift (in target 'WorkoutTracker' from project 'WorkoutTracker')

SwiftCompile normal arm64 /Users/admirablebelsnickle/Desktop/workout-tracker/WorkoutTrackerFull/WorkoutTracker/Utilities/MuscleGroups.swift (in target 'WorkoutTracker' from project 'WorkoutTracker')
    cd /Users/admirablebelsnickle/Desktop/workout-tracker/WorkoutTrackerFull
    

SwiftCompile normal arm64 /Users/admirablebelsnickle/Desktop/workout-tracker/WorkoutTrackerFull/WorkoutTracker/Models/TrackableLog.swift (in target 'WorkoutTracker' from project 'WorkoutTracker')
    cd /Users/admirablebelsnickle/Desktop/workout-tracker/WorkoutTrackerFull
    

SwiftCompile normal arm64 /Users/admirablebelsnickle/Desktop/workout-tracker/WorkoutTrackerFull/build/DerivedData/Build/Intermediates.noindex/WorkoutTracker.build/Debug-iphonesimulator/WorkoutTracker.build/DerivedSources/GeneratedAssetSymbols.swift (in target 'WorkoutTracker' from project 'WorkoutTracker')
    cd /Users/admirablebelsnickle/Desktop/workout-tracker/WorkoutTrackerFull
    

SwiftCompile normal arm64 Compiling\ Goal.swift,\ TrackableItem.swift,\ TrackableCatalog.swift,\ TrackView.swift /Users/admirablebelsnickle/Desktop/workout-tracker/WorkoutTrackerFull/WorkoutTracker/Models/Goal.swift /Users/admirablebelsnickle/Desktop/workout-tracker/WorkoutTrackerFull/WorkoutTracker/Models/TrackableItem.swift /Users/admirablebelsnickle/Desktop/workout-tracker/WorkoutTrackerFull/WorkoutTracker/Utilities/TrackableCatalog.swift /Users/admirablebelsnickle/Desktop/workout-tracker/WorkoutTrackerFull/WorkoutTracker/Views/Track/TrackView.swift (in target 'WorkoutTracker' from project 'WorkoutTracker')
SwiftCompile normal arm64 /Users/admirablebelsnickle/Desktop/workout-tracker/WorkoutTrackerFull/WorkoutTracker/Models/Goal.swift (in target 'WorkoutTracker' from project 'WorkoutTracker')
    cd /Users/admirablebelsnickle/Desktop/workout-tracker/WorkoutTrackerFull
    

SwiftCompile normal arm64 /Users/admirablebelsnickle/Desktop/workout-tracker/WorkoutTrackerFull/WorkoutTracker/Models/TrackableItem.swift (in target 'WorkoutTracker' from project 'WorkoutTracker')
    cd /Users/admirablebelsnickle/Desktop/workout-tracker/WorkoutTrackerFull
    

SwiftCompile normal arm64 /Users/admirablebelsnickle/Desktop/workout-tracker/WorkoutTrackerFull/WorkoutTracker/Utilities/TrackableCatalog.swift (in target 'WorkoutTracker' from project 'WorkoutTracker')
    cd /Users/admirablebelsnickle/Desktop/workout-tracker/WorkoutTrackerFull
    

SwiftCompile normal arm64 /Users/admirablebelsnickle/Desktop/workout-tracker/WorkoutTrackerFull/WorkoutTracker/Views/Track/TrackView.swift (in target 'WorkoutTracker' from project 'WorkoutTracker')
    cd /Users/admirablebelsnickle/Desktop/workout-tracker/WorkoutTrackerFull
    
/Users/admirablebelsnickle/Desktop/workout-tracker/WorkoutTrackerFull/WorkoutTracker/Views/Track/TrackView.swift:181:10: warning: 'onChange(of:perform:)' was deprecated in iOS 17.0: Use `onChange` with a two or zero parameter action closure instead.
        .onChange(of: trackables) { _ in syncTrackables() }
         ^

SwiftDriverJobDiscovery normal arm64 Compiling MuscleGroups.swift, TrackableLog.swift, GeneratedAssetSymbols.swift (in target 'WorkoutTracker' from project 'WorkoutTracker')

SwiftDriverJobDiscovery normal arm64 Compiling WorkoutTrackerApp.swift, RootTabView.swift, Date+Only.swift, Units.swift (in target 'WorkoutTracker' from project 'WorkoutTracker')

SwiftDriverJobDiscovery normal arm64 Emitting module for WorkoutTracker (in target 'WorkoutTracker' from project 'WorkoutTracker')

SwiftDriver\ Compilation\ Requirements WorkoutTracker normal arm64 com.apple.xcode.tools.swift.compiler (in target 'WorkoutTracker' from project 'WorkoutTracker')
    cd /Users/admirablebelsnickle/Desktop/workout-tracker/WorkoutTrackerFull
    builtin-Swift-Compilation-Requirements -- /Applications/Xcode.app/Contents/Developer/Toolchains/XcodeDefault.xctoolchain/usr/bin/swiftc -module-name WorkoutTracker -O -enforce-exclusivity\=checked @/Users/admirablebelsnickle/Desktop/workout-tracker/WorkoutTrackerFull/build/DerivedData/Build/Intermediates.noindex/WorkoutTracker.build/Debug-iphonesimulator/WorkoutTracker.build/Objects-normal/arm64/WorkoutTracker.SwiftFileList -enable-bare-slash-regex -enable-experimental-feature DebugDescriptionMacro -sdk /Applications/Xcode.app/Contents/Developer/Platforms/iPhoneSimulator.platform/Developer/SDKs/iPhoneSimulator18.4.sdk -target arm64-apple-ios17.0-simulator -g -module-cache-path /Users/admirablebelsnickle/Desktop/workout-tracker/WorkoutTrackerFull/build/DerivedData/ModuleCache.noindex -Xfrontend -serialize-debugging-options -enable-testing -swift-version 5 -I /Users/admirablebelsnickle/Desktop/workout-tracker/WorkoutTrackerFull/build/DerivedData/Build/Products/Debug-iphonesimulator -F /Users/admirablebelsnickle/Desktop/workout-tracker/WorkoutTrackerFull/build/DerivedData/Build/Products/Debug-iphonesimulator -c -j10 -enable-batch-mode -incremental -Xcc -ivfsstatcache -Xcc /Users/admirablebelsnickle/Desktop/workout-tracker/WorkoutTrackerFull/build/DerivedData/SDKStatCaches.noindex/iphonesimulator18.4-22E235-71825a6d136aa4733edcbe86ece5525b.sdkstatcache -output-file-map /Users/admirablebelsnickle/Desktop/workout-tracker/WorkoutTrackerFull/build/DerivedData/Build/Intermediates.noindex/WorkoutTracker.build/Debug-iphonesimulator/WorkoutTracker.build/Objects-normal/arm64/WorkoutTracker-OutputFileMap.json -use-frontend-parseable-output -save-temps -no-color-diagnostics -serialize-diagnostics -emit-dependencies -emit-module -emit-module-path /Users/admirablebelsnickle/Desktop/workout-tracker/WorkoutTrackerFull/build/DerivedData/Build/Intermediates.noindex/WorkoutTracker.build/Debug-iphonesimulator/WorkoutTracker.build/Objects-normal/arm64/WorkoutTracker.swiftmodule -validate-clang-modules-once -clang-build-session-file /Users/admirablebelsnickle/Desktop/workout-tracker/WorkoutTrackerFull/build/DerivedData/ModuleCache.noindex/Session.modulevalidation -Xcc -I/Users/admirablebelsnickle/Desktop/workout-tracker/WorkoutTrackerFull/build/DerivedData/Build/Intermediates.noindex/WorkoutTracker.build/Debug-iphonesimulator/WorkoutTracker.build/swift-overrides.hmap -emit-const-values -Xfrontend -const-gather-protocols-file -Xfrontend /Users/admirablebelsnickle/Desktop/workout-tracker/WorkoutTrackerFull/build/DerivedData/Build/Intermediates.noindex/WorkoutTracker.build/Debug-iphonesimulator/WorkoutTracker.build/Objects-normal/arm64/WorkoutTracker_const_extract_protocols.json -Xcc -iquote -Xcc /Users/admirablebelsnickle/Desktop/workout-tracker/WorkoutTrackerFull/build/DerivedData/Build/Intermediates.noindex/WorkoutTracker.build/Debug-iphonesimulator/WorkoutTracker.build/WorkoutTracker-generated-files.hmap -Xcc -I/Users/admirablebelsnickle/Desktop/workout-tracker/WorkoutTrackerFull/build/DerivedData/Build/Intermediates.noindex/WorkoutTracker.build/Debug-iphonesimulator/WorkoutTracker.build/WorkoutTracker-own-target-headers.hmap -Xcc -I/Users/admirablebelsnickle/Desktop/workout-tracker/WorkoutTrackerFull/build/DerivedData/Build/Intermediates.noindex/WorkoutTracker.build/Debug-iphonesimulator/WorkoutTracker.build/WorkoutTracker-all-target-headers.hmap -Xcc -iquote -Xcc /Users/admirablebelsnickle/Desktop/workout-tracker/WorkoutTrackerFull/build/DerivedData/Build/Intermediates.noindex/WorkoutTracker.build/Debug-iphonesimulator/WorkoutTracker.build/WorkoutTracker-project-headers.hmap -Xcc -I/Users/admirablebelsnickle/Desktop/workout-tracker/WorkoutTrackerFull/build/DerivedData/Build/Products/Debug-iphonesimulator/include -Xcc -I/Users/admirablebelsnickle/Desktop/workout-tracker/WorkoutTrackerFull/build/DerivedData/Build/Intermediates.noindex/WorkoutTracker.build/Debug-iphonesimulator/WorkoutTracker.build/DerivedSources-normal/arm64 -Xcc -I/Users/admirablebelsnickle/Desktop/workout-tracker/WorkoutTrackerFull/build/DerivedData/Build/Intermediates.noindex/WorkoutTracker.build/Debug-iphonesimulator/WorkoutTracker.build/DerivedSources/arm64 -Xcc -I/Users/admirablebelsnickle/Desktop/workout-tracker/WorkoutTrackerFull/build/DerivedData/Build/Intermediates.noindex/WorkoutTracker.build/Debug-iphonesimulator/WorkoutTracker.build/DerivedSources -Xcc -DDEBUG\=1 -emit-objc-header -emit-objc-header-path /Users/admirablebelsnickle/Desktop/workout-tracker/WorkoutTrackerFull/build/DerivedData/Build/Intermediates.noindex/WorkoutTracker.build/Debug-iphonesimulator/WorkoutTracker.build/Objects-normal/arm64/WorkoutTracker-Swift.h -working-directory /Users/admirablebelsnickle/Desktop/workout-tracker/WorkoutTrackerFull -experimental-emit-module-separately -disable-cmo

SwiftMergeGeneratedHeaders /Users/admirablebelsnickle/Desktop/workout-tracker/WorkoutTrackerFull/build/DerivedData/Build/Intermediates.noindex/WorkoutTracker.build/Debug-iphonesimulator/WorkoutTracker.build/DerivedSources/WorkoutTracker-Swift.h /Users/admirablebelsnickle/Desktop/workout-tracker/WorkoutTrackerFull/build/DerivedData/Build/Intermediates.noindex/WorkoutTracker.build/Debug-iphonesimulator/WorkoutTracker.build/Objects-normal/arm64/WorkoutTracker-Swift.h (in target 'WorkoutTracker' from project 'WorkoutTracker')
    cd /Users/admirablebelsnickle/Desktop/workout-tracker/WorkoutTrackerFull
    builtin-swiftHeaderTool -arch arm64 /Users/admirablebelsnickle/Desktop/workout-tracker/WorkoutTrackerFull/build/DerivedData/Build/Intermediates.noindex/WorkoutTracker.build/Debug-iphonesimulator/WorkoutTracker.build/Objects-normal/arm64/WorkoutTracker-Swift.h -o /Users/admirablebelsnickle/Desktop/workout-tracker/WorkoutTrackerFull/build/DerivedData/Build/Intermediates.noindex/WorkoutTracker.build/Debug-iphonesimulator/WorkoutTracker.build/DerivedSources/WorkoutTracker-Swift.h

Copy /Users/admirablebelsnickle/Desktop/workout-tracker/WorkoutTrackerFull/build/DerivedData/Build/Products/Debug-iphonesimulator/WorkoutTracker.swiftmodule/arm64-apple-ios-simulator.swiftmodule /Users/admirablebelsnickle/Desktop/workout-tracker/WorkoutTrackerFull/build/DerivedData/Build/Intermediates.noindex/WorkoutTracker.build/Debug-iphonesimulator/WorkoutTracker.build/Objects-normal/arm64/WorkoutTracker.swiftmodule (in target 'WorkoutTracker' from project 'WorkoutTracker')
    cd /Users/admirablebelsnickle/Desktop/workout-tracker/WorkoutTrackerFull
    builtin-copy -exclude .DS_Store -exclude CVS -exclude .svn -exclude .git -exclude .hg -resolve-src-symlinks -rename /Users/admirablebelsnickle/Desktop/workout-tracker/WorkoutTrackerFull/build/DerivedData/Build/Intermediates.noindex/WorkoutTracker.build/Debug-iphonesimulator/WorkoutTracker.build/Objects-normal/arm64/WorkoutTracker.swiftmodule /Users/admirablebelsnickle/Desktop/workout-tracker/WorkoutTrackerFull/build/DerivedData/Build/Products/Debug-iphonesimulator/WorkoutTracker.swiftmodule/arm64-apple-ios-simulator.swiftmodule

Copy /Users/admirablebelsnickle/Desktop/workout-tracker/WorkoutTrackerFull/build/DerivedData/Build/Products/Debug-iphonesimulator/WorkoutTracker.swiftmodule/arm64-apple-ios-simulator.swiftdoc /Users/admirablebelsnickle/Desktop/workout-tracker/WorkoutTrackerFull/build/DerivedData/Build/Intermediates.noindex/WorkoutTracker.build/Debug-iphonesimulator/WorkoutTracker.build/Objects-normal/arm64/WorkoutTracker.swiftdoc (in target 'WorkoutTracker' from project 'WorkoutTracker')
    cd /Users/admirablebelsnickle/Desktop/workout-tracker/WorkoutTrackerFull
    builtin-copy -exclude .DS_Store -exclude CVS -exclude .svn -exclude .git -exclude .hg -resolve-src-symlinks -rename /Users/admirablebelsnickle/Desktop/workout-tracker/WorkoutTrackerFull/build/DerivedData/Build/Intermediates.noindex/WorkoutTracker.build/Debug-iphonesimulator/WorkoutTracker.build/Objects-normal/arm64/WorkoutTracker.swiftdoc /Users/admirablebelsnickle/Desktop/workout-tracker/WorkoutTrackerFull/build/DerivedData/Build/Products/Debug-iphonesimulator/WorkoutTracker.swiftmodule/arm64-apple-ios-simulator.swiftdoc

Copy /Users/admirablebelsnickle/Desktop/workout-tracker/WorkoutTrackerFull/build/DerivedData/Build/Products/Debug-iphonesimulator/WorkoutTracker.swiftmodule/arm64-apple-ios-simulator.abi.json /Users/admirablebelsnickle/Desktop/workout-tracker/WorkoutTrackerFull/build/DerivedData/Build/Intermediates.noindex/WorkoutTracker.build/Debug-iphonesimulator/WorkoutTracker.build/Objects-normal/arm64/WorkoutTracker.abi.json (in target 'WorkoutTracker' from project 'WorkoutTracker')
    cd /Users/admirablebelsnickle/Desktop/workout-tracker/WorkoutTrackerFull
    builtin-copy -exclude .DS_Store -exclude CVS -exclude .svn -exclude .git -exclude .hg -resolve-src-symlinks -rename /Users/admirablebelsnickle/Desktop/workout-tracker/WorkoutTrackerFull/build/DerivedData/Build/Intermediates.noindex/WorkoutTracker.build/Debug-iphonesimulator/WorkoutTracker.build/Objects-normal/arm64/WorkoutTracker.abi.json /Users/admirablebelsnickle/Desktop/workout-tracker/WorkoutTrackerFull/build/DerivedData/Build/Products/Debug-iphonesimulator/WorkoutTracker.swiftmodule/arm64-apple-ios-simulator.abi.json

Copy /Users/admirablebelsnickle/Desktop/workout-tracker/WorkoutTrackerFull/build/DerivedData/Build/Products/Debug-iphonesimulator/WorkoutTracker.swiftmodule/Project/arm64-apple-ios-simulator.swiftsourceinfo /Users/admirablebelsnickle/Desktop/workout-tracker/WorkoutTrackerFull/build/DerivedData/Build/Intermediates.noindex/WorkoutTracker.build/Debug-iphonesimulator/WorkoutTracker.build/Objects-normal/arm64/WorkoutTracker.swiftsourceinfo (in target 'WorkoutTracker' from project 'WorkoutTracker')
    cd /Users/admirablebelsnickle/Desktop/workout-tracker/WorkoutTrackerFull
    builtin-copy -exclude .DS_Store -exclude CVS -exclude .svn -exclude .git -exclude .hg -resolve-src-symlinks -rename /Users/admirablebelsnickle/Desktop/workout-tracker/WorkoutTrackerFull/build/DerivedData/Build/Intermediates.noindex/WorkoutTracker.build/Debug-iphonesimulator/WorkoutTracker.build/Objects-normal/arm64/WorkoutTracker.swiftsourceinfo /Users/admirablebelsnickle/Desktop/workout-tracker/WorkoutTrackerFull/build/DerivedData/Build/Products/Debug-iphonesimulator/WorkoutTracker.swiftmodule/Project/arm64-apple-ios-simulator.swiftsourceinfo

SwiftDriverJobDiscovery normal arm64 Compiling StrengthSet.swift, CardioSession.swift, WeightEntry.swift, JournalEntry.swift (in target 'WorkoutTracker' from project 'WorkoutTracker')

SwiftDriverJobDiscovery normal arm64 Compiling UserFacingError.swift, ImageStore.swift, GoalProgressService.swift, Exercise.swift (in target 'WorkoutTracker' from project 'WorkoutTracker')

SwiftDriverJobDiscovery normal arm64 Compiling EditCardioSheet.swift, AddExerciseSheet.swift, AddTrackingSheet.swift (in target 'WorkoutTracker' from project 'WorkoutTracker')

SwiftDriverJobDiscovery normal arm64 Compiling SummaryCard.swift, AddSetSheet.swift, EditSetSheet.swift, AddCardioSheet.swift (in target 'WorkoutTracker' from project 'WorkoutTracker')

SwiftDriverJobDiscovery normal arm64 Compiling AddTrackingCustomView.swift, LogTrackableEntrySheet.swift, AnalyzeView.swift (in target 'WorkoutTracker' from project 'WorkoutTracker')

SwiftDriverJobDiscovery normal arm64 Compiling JournalView.swift, SettingsView.swift, TrackableCatalogView.swift (in target 'WorkoutTracker' from project 'WorkoutTracker')

SwiftDriverJobDiscovery normal arm64 Compiling PRsView.swift, GoalsView.swift, GoalEditorView.swift (in target 'WorkoutTracker' from project 'WorkoutTracker')

SwiftDriverJobDiscovery normal arm64 Compiling Goal.swift, TrackableItem.swift, TrackableCatalog.swift, TrackView.swift (in target 'WorkoutTracker' from project 'WorkoutTracker')

SwiftDriver\ Compilation WorkoutTracker normal arm64 com.apple.xcode.tools.swift.compiler (in target 'WorkoutTracker' from project 'WorkoutTracker')
    cd /Users/admirablebelsnickle/Desktop/workout-tracker/WorkoutTrackerFull
    builtin-Swift-Compilation -- /Applications/Xcode.app/Contents/Developer/Toolchains/XcodeDefault.xctoolchain/usr/bin/swiftc -module-name WorkoutTracker -O -enforce-exclusivity\=checked @/Users/admirablebelsnickle/Desktop/workout-tracker/WorkoutTrackerFull/build/DerivedData/Build/Intermediates.noindex/WorkoutTracker.build/Debug-iphonesimulator/WorkoutTracker.build/Objects-normal/arm64/WorkoutTracker.SwiftFileList -enable-bare-slash-regex -enable-experimental-feature DebugDescriptionMacro -sdk /Applications/Xcode.app/Contents/Developer/Platforms/iPhoneSimulator.platform/Developer/SDKs/iPhoneSimulator18.4.sdk -target arm64-apple-ios17.0-simulator -g -module-cache-path /Users/admirablebelsnickle/Desktop/workout-tracker/WorkoutTrackerFull/build/DerivedData/ModuleCache.noindex -Xfrontend -serialize-debugging-options -enable-testing -swift-version 5 -I /Users/admirablebelsnickle/Desktop/workout-tracker/WorkoutTrackerFull/build/DerivedData/Build/Products/Debug-iphonesimulator -F /Users/admirablebelsnickle/Desktop/workout-tracker/WorkoutTrackerFull/build/DerivedData/Build/Products/Debug-iphonesimulator -c -j10 -enable-batch-mode -incremental -Xcc -ivfsstatcache -Xcc /Users/admirablebelsnickle/Desktop/workout-tracker/WorkoutTrackerFull/build/DerivedData/SDKStatCaches.noindex/iphonesimulator18.4-22E235-71825a6d136aa4733edcbe86ece5525b.sdkstatcache -output-file-map /Users/admirablebelsnickle/Desktop/workout-tracker/WorkoutTrackerFull/build/DerivedData/Build/Intermediates.noindex/WorkoutTracker.build/Debug-iphonesimulator/WorkoutTracker.build/Objects-normal/arm64/WorkoutTracker-OutputFileMap.json -use-frontend-parseable-output -save-temps -no-color-diagnostics -serialize-diagnostics -emit-dependencies -emit-module -emit-module-path /Users/admirablebelsnickle/Desktop/workout-tracker/WorkoutTrackerFull/build/DerivedData/Build/Intermediates.noindex/WorkoutTracker.build/Debug-iphonesimulator/WorkoutTracker.build/Objects-normal/arm64/WorkoutTracker.swiftmodule -validate-clang-modules-once -clang-build-session-file /Users/admirablebelsnickle/Desktop/workout-tracker/WorkoutTrackerFull/build/DerivedData/ModuleCache.noindex/Session.modulevalidation -Xcc -I/Users/admirablebelsnickle/Desktop/workout-tracker/WorkoutTrackerFull/build/DerivedData/Build/Intermediates.noindex/WorkoutTracker.build/Debug-iphonesimulator/WorkoutTracker.build/swift-overrides.hmap -emit-const-values -Xfrontend -const-gather-protocols-file -Xfrontend /Users/admirablebelsnickle/Desktop/workout-tracker/WorkoutTrackerFull/build/DerivedData/Build/Intermediates.noindex/WorkoutTracker.build/Debug-iphonesimulator/WorkoutTracker.build/Objects-normal/arm64/WorkoutTracker_const_extract_protocols.json -Xcc -iquote -Xcc /Users/admirablebelsnickle/Desktop/workout-tracker/WorkoutTrackerFull/build/DerivedData/Build/Intermediates.noindex/WorkoutTracker.build/Debug-iphonesimulator/WorkoutTracker.build/WorkoutTracker-generated-files.hmap -Xcc -I/Users/admirablebelsnickle/Desktop/workout-tracker/WorkoutTrackerFull/build/DerivedData/Build/Intermediates.noindex/WorkoutTracker.build/Debug-iphonesimulator/WorkoutTracker.build/WorkoutTracker-own-target-headers.hmap -Xcc -I/Users/admirablebelsnickle/Desktop/workout-tracker/WorkoutTrackerFull/build/DerivedData/Build/Intermediates.noindex/WorkoutTracker.build/Debug-iphonesimulator/WorkoutTracker.build/WorkoutTracker-all-target-headers.hmap -Xcc -iquote -Xcc /Users/admirablebelsnickle/Desktop/workout-tracker/WorkoutTrackerFull/build/DerivedData/Build/Intermediates.noindex/WorkoutTracker.build/Debug-iphonesimulator/WorkoutTracker.build/WorkoutTracker-project-headers.hmap -Xcc -I/Users/admirablebelsnickle/Desktop/workout-tracker/WorkoutTrackerFull/build/DerivedData/Build/Products/Debug-iphonesimulator/include -Xcc -I/Users/admirablebelsnickle/Desktop/workout-tracker/WorkoutTrackerFull/build/DerivedData/Build/Intermediates.noindex/WorkoutTracker.build/Debug-iphonesimulator/WorkoutTracker.build/DerivedSources-normal/arm64 -Xcc -I/Users/admirablebelsnickle/Desktop/workout-tracker/WorkoutTrackerFull/build/DerivedData/Build/Intermediates.noindex/WorkoutTracker.build/Debug-iphonesimulator/WorkoutTracker.build/DerivedSources/arm64 -Xcc -I/Users/admirablebelsnickle/Desktop/workout-tracker/WorkoutTrackerFull/build/DerivedData/Build/Intermediates.noindex/WorkoutTracker.build/Debug-iphonesimulator/WorkoutTracker.build/DerivedSources -Xcc -DDEBUG\=1 -emit-objc-header -emit-objc-header-path /Users/admirablebelsnickle/Desktop/workout-tracker/WorkoutTrackerFull/build/DerivedData/Build/Intermediates.noindex/WorkoutTracker.build/Debug-iphonesimulator/WorkoutTracker.build/Objects-normal/arm64/WorkoutTracker-Swift.h -working-directory /Users/admirablebelsnickle/Desktop/workout-tracker/WorkoutTrackerFull -experimental-emit-module-separately -disable-cmo

Ld /Users/admirablebelsnickle/Desktop/workout-tracker/WorkoutTrackerFull/build/DerivedData/Build/Products/Debug-iphonesimulator/WorkoutTracker.app/WorkoutTracker normal (in target 'WorkoutTracker' from project 'WorkoutTracker')
    cd /Users/admirablebelsnickle/Desktop/workout-tracker/WorkoutTrackerFull
    /Applications/Xcode.app/Contents/Developer/Toolchains/XcodeDefault.xctoolchain/usr/bin/clang -Xlinker -reproducible -target arm64-apple-ios17.0-simulator -isysroot /Applications/Xcode.app/Contents/Developer/Platforms/iPhoneSimulator.platform/Developer/SDKs/iPhoneSimulator18.4.sdk -O0 -L/Users/admirablebelsnickle/Desktop/workout-tracker/WorkoutTrackerFull/build/DerivedData/Build/Intermediates.noindex/EagerLinkingTBDs/Debug-iphonesimulator -L/Users/admirablebelsnickle/Desktop/workout-tracker/WorkoutTrackerFull/build/DerivedData/Build/Products/Debug-iphonesimulator -F/Users/admirablebelsnickle/Desktop/workout-tracker/WorkoutTrackerFull/build/DerivedData/Build/Intermediates.noindex/EagerLinkingTBDs/Debug-iphonesimulator -F/Users/admirablebelsnickle/Desktop/workout-tracker/WorkoutTrackerFull/build/DerivedData/Build/Products/Debug-iphonesimulator -filelist /Users/admirablebelsnickle/Desktop/workout-tracker/WorkoutTrackerFull/build/DerivedData/Build/Intermediates.noindex/WorkoutTracker.build/Debug-iphonesimulator/WorkoutTracker.build/Objects-normal/arm64/WorkoutTracker.LinkFileList -Xlinker -rpath -Xlinker @executable_path/Frameworks -dead_strip -Xlinker -object_path_lto -Xlinker /Users/admirablebelsnickle/Desktop/workout-tracker/WorkoutTrackerFull/build/DerivedData/Build/Intermediates.noindex/WorkoutTracker.build/Debug-iphonesimulator/WorkoutTracker.build/Objects-normal/arm64/WorkoutTracker_lto.o -rdynamic -Xlinker -no_deduplicate -Xlinker -objc_abi_version -Xlinker 2 -Xlinker -dependency_info -Xlinker /Users/admirablebelsnickle/Desktop/workout-tracker/WorkoutTrackerFull/build/DerivedData/Build/Intermediates.noindex/WorkoutTracker.build/Debug-iphonesimulator/WorkoutTracker.build/Objects-normal/arm64/WorkoutTracker_dependency_info.dat -fobjc-link-runtime -L/Applications/Xcode.app/Contents/Developer/Toolchains/XcodeDefault.xctoolchain/usr/lib/swift/iphonesimulator -L/usr/lib/swift -Xlinker -add_ast_path -Xlinker /Users/admirablebelsnickle/Desktop/workout-tracker/WorkoutTrackerFull/build/DerivedData/Build/Intermediates.noindex/WorkoutTracker.build/Debug-iphonesimulator/WorkoutTracker.build/Objects-normal/arm64/WorkoutTracker.swiftmodule -Xlinker -sectcreate -Xlinker __TEXT -Xlinker __entitlements -Xlinker /Users/admirablebelsnickle/Desktop/workout-tracker/WorkoutTrackerFull/build/DerivedData/Build/Intermediates.noindex/WorkoutTracker.build/Debug-iphonesimulator/WorkoutTracker.build/WorkoutTracker.app-Simulated.xcent -Xlinker -sectcreate -Xlinker __TEXT -Xlinker __ents_der -Xlinker /Users/admirablebelsnickle/Desktop/workout-tracker/WorkoutTrackerFull/build/DerivedData/Build/Intermediates.noindex/WorkoutTracker.build/Debug-iphonesimulator/WorkoutTracker.build/WorkoutTracker.app-Simulated.xcent.der -Xlinker -no_adhoc_codesign -o /Users/admirablebelsnickle/Desktop/workout-tracker/WorkoutTrackerFull/build/DerivedData/Build/Products/Debug-iphonesimulator/WorkoutTracker.app/WorkoutTracker

CopySwiftLibs /Users/admirablebelsnickle/Desktop/workout-tracker/WorkoutTrackerFull/build/DerivedData/Build/Products/Debug-iphonesimulator/WorkoutTracker.app (in target 'WorkoutTracker' from project 'WorkoutTracker')
    cd /Users/admirablebelsnickle/Desktop/workout-tracker/WorkoutTrackerFull
    builtin-swiftStdLibTool --copy --verbose --sign - --scan-executable /Users/admirablebelsnickle/Desktop/workout-tracker/WorkoutTrackerFull/build/DerivedData/Build/Products/Debug-iphonesimulator/WorkoutTracker.app/WorkoutTracker --scan-folder /Users/admirablebelsnickle/Desktop/workout-tracker/WorkoutTrackerFull/build/DerivedData/Build/Products/Debug-iphonesimulator/WorkoutTracker.app/Frameworks --scan-folder /Users/admirablebelsnickle/Desktop/workout-tracker/WorkoutTrackerFull/build/DerivedData/Build/Products/Debug-iphonesimulator/WorkoutTracker.app/PlugIns --scan-folder /Users/admirablebelsnickle/Desktop/workout-tracker/WorkoutTrackerFull/build/DerivedData/Build/Products/Debug-iphonesimulator/WorkoutTracker.app/SystemExtensions --scan-folder /Users/admirablebelsnickle/Desktop/workout-tracker/WorkoutTrackerFull/build/DerivedData/Build/Products/Debug-iphonesimulator/WorkoutTracker.app/Extensions --platform iphonesimulator --toolchain /Applications/Xcode.app/Contents/Developer/Toolchains/XcodeDefault.xctoolchain --destination /Users/admirablebelsnickle/Desktop/workout-tracker/WorkoutTrackerFull/build/DerivedData/Build/Products/Debug-iphonesimulator/WorkoutTracker.app/Frameworks --strip-bitcode --strip-bitcode-tool /Applications/Xcode.app/Contents/Developer/Toolchains/XcodeDefault.xctoolchain/usr/bin/bitcode_strip --emit-dependency-info /Users/admirablebelsnickle/Desktop/workout-tracker/WorkoutTrackerFull/build/DerivedData/Build/Intermediates.noindex/WorkoutTracker.build/Debug-iphonesimulator/WorkoutTracker.build/SwiftStdLibToolInputDependencies.dep --filter-for-swift-os

ExtractAppIntentsMetadata (in target 'WorkoutTracker' from project 'WorkoutTracker')
    cd /Users/admirablebelsnickle/Desktop/workout-tracker/WorkoutTrackerFull
    /Applications/Xcode.app/Contents/Developer/Toolchains/XcodeDefault.xctoolchain/usr/bin/appintentsmetadataprocessor --toolchain-dir /Applications/Xcode.app/Contents/Developer/Toolchains/XcodeDefault.xctoolchain --module-name WorkoutTracker --sdk-root /Applications/Xcode.app/Contents/Developer/Platforms/iPhoneSimulator.platform/Developer/SDKs/iPhoneSimulator18.4.sdk --xcode-version 16E140 --platform-family iOS --deployment-target 17.0 --bundle-identifier com.example.WorkoutTracker --output /Users/admirablebelsnickle/Desktop/workout-tracker/WorkoutTrackerFull/build/DerivedData/Build/Products/Debug-iphonesimulator/WorkoutTracker.app --target-triple arm64-apple-ios17.0-simulator --binary-file /Users/admirablebelsnickle/Desktop/workout-tracker/WorkoutTrackerFull/build/DerivedData/Build/Products/Debug-iphonesimulator/WorkoutTracker.app/WorkoutTracker --dependency-file /Users/admirablebelsnickle/Desktop/workout-tracker/WorkoutTrackerFull/build/DerivedData/Build/Intermediates.noindex/WorkoutTracker.build/Debug-iphonesimulator/WorkoutTracker.build/Objects-normal/arm64/WorkoutTracker_dependency_info.dat --stringsdata-file /Users/admirablebelsnickle/Desktop/workout-tracker/WorkoutTrackerFull/build/DerivedData/Build/Intermediates.noindex/WorkoutTracker.build/Debug-iphonesimulator/WorkoutTracker.build/Objects-normal/arm64/ExtractedAppShortcutsMetadata.stringsdata --source-file-list /Users/admirablebelsnickle/Desktop/workout-tracker/WorkoutTrackerFull/build/DerivedData/Build/Intermediates.noindex/WorkoutTracker.build/Debug-iphonesimulator/WorkoutTracker.build/Objects-normal/arm64/WorkoutTracker.SwiftFileList --metadata-file-list /Users/admirablebelsnickle/Desktop/workout-tracker/WorkoutTrackerFull/build/DerivedData/Build/Intermediates.noindex/WorkoutTracker.build/Debug-iphonesimulator/WorkoutTracker.build/WorkoutTracker.DependencyMetadataFileList --static-metadata-file-list /Users/admirablebelsnickle/Desktop/workout-tracker/WorkoutTrackerFull/build/DerivedData/Build/Intermediates.noindex/WorkoutTracker.build/Debug-iphonesimulator/WorkoutTracker.build/WorkoutTracker.DependencyStaticMetadataFileList --swift-const-vals-list /Users/admirablebelsnickle/Desktop/workout-tracker/WorkoutTrackerFull/build/DerivedData/Build/Intermediates.noindex/WorkoutTracker.build/Debug-iphonesimulator/WorkoutTracker.build/Objects-normal/arm64/WorkoutTracker.SwiftConstValuesFileList --compile-time-extraction --deployment-aware-processing --validate-assistant-intents --no-app-shortcuts-localization
2025-11-05 02:28:25.933 appintentsmetadataprocessor[81890:58910462] Starting appintentsmetadataprocessor export
2025-11-05 02:28:25.936 appintentsmetadataprocessor[81890:58910462] warning: Metadata extraction skipped. No AppIntents.framework dependency found.

AppIntentsSSUTraining (in target 'WorkoutTracker' from project 'WorkoutTracker')
    cd /Users/admirablebelsnickle/Desktop/workout-tracker/WorkoutTrackerFull
    /Applications/Xcode.app/Contents/Developer/Toolchains/XcodeDefault.xctoolchain/usr/bin/appintentsnltrainingprocessor --infoplist-path /Users/admirablebelsnickle/Desktop/workout-tracker/WorkoutTrackerFull/build/DerivedData/Build/Products/Debug-iphonesimulator/WorkoutTracker.app/Info.plist --temp-dir-path /Users/admirablebelsnickle/Desktop/workout-tracker/WorkoutTrackerFull/build/DerivedData/Build/Intermediates.noindex/WorkoutTracker.build/Debug-iphonesimulator/WorkoutTracker.build/ssu --bundle-id com.example.WorkoutTracker --product-path /Users/admirablebelsnickle/Desktop/workout-tracker/WorkoutTrackerFull/build/DerivedData/Build/Products/Debug-iphonesimulator/WorkoutTracker.app --extracted-metadata-path /Users/admirablebelsnickle/Desktop/workout-tracker/WorkoutTrackerFull/build/DerivedData/Build/Products/Debug-iphonesimulator/WorkoutTracker.app/Metadata.appintents --metadata-file-list /Users/admirablebelsnickle/Desktop/workout-tracker/WorkoutTrackerFull/build/DerivedData/Build/Intermediates.noindex/WorkoutTracker.build/Debug-iphonesimulator/WorkoutTracker.build/WorkoutTracker.DependencyMetadataFileList --archive-ssu-assets
2025-11-05 02:28:25.962 appintentsnltrainingprocessor[81893:58910470] Parsing options for appintentsnltrainingprocessor
2025-11-05 02:28:25.963 appintentsnltrainingprocessor[81893:58910470] No AppShortcuts found - Skipping.

CodeSign /Users/admirablebelsnickle/Desktop/workout-tracker/WorkoutTrackerFull/build/DerivedData/Build/Products/Debug-iphonesimulator/WorkoutTracker.app (in target 'WorkoutTracker' from project 'WorkoutTracker')
    cd /Users/admirablebelsnickle/Desktop/workout-tracker/WorkoutTrackerFull
    
    Signing Identity:     "Sign to Run Locally"
    
    /usr/bin/codesign --force --sign - --timestamp\=none --generate-entitlement-der /Users/admirablebelsnickle/Desktop/workout-tracker/WorkoutTrackerFull/build/DerivedData/Build/Products/Debug-iphonesimulator/WorkoutTracker.app

RegisterExecutionPolicyException /Users/admirablebelsnickle/Desktop/workout-tracker/WorkoutTrackerFull/build/DerivedData/Build/Products/Debug-iphonesimulator/WorkoutTracker.app (in target 'WorkoutTracker' from project 'WorkoutTracker')
    cd /Users/admirablebelsnickle/Desktop/workout-tracker/WorkoutTrackerFull
    builtin-RegisterExecutionPolicyException /Users/admirablebelsnickle/Desktop/workout-tracker/WorkoutTrackerFull/build/DerivedData/Build/Products/Debug-iphonesimulator/WorkoutTracker.app

Validate /Users/admirablebelsnickle/Desktop/workout-tracker/WorkoutTrackerFull/build/DerivedData/Build/Products/Debug-iphonesimulator/WorkoutTracker.app (in target 'WorkoutTracker' from project 'WorkoutTracker')
    cd /Users/admirablebelsnickle/Desktop/workout-tracker/WorkoutTrackerFull
    builtin-validationUtility /Users/admirablebelsnickle/Desktop/workout-tracker/WorkoutTrackerFull/build/DerivedData/Build/Products/Debug-iphonesimulator/WorkoutTracker.app -infoplist-subpath Info.plist

Touch /Users/admirablebelsnickle/Desktop/workout-tracker/WorkoutTrackerFull/build/DerivedData/Build/Products/Debug-iphonesimulator/WorkoutTracker.app (in target 'WorkoutTracker' from project 'WorkoutTracker')
    cd /Users/admirablebelsnickle/Desktop/workout-tracker/WorkoutTrackerFull
    /usr/bin/touch -c /Users/admirablebelsnickle/Desktop/workout-tracker/WorkoutTrackerFull/build/DerivedData/Build/Products/Debug-iphonesimulator/WorkoutTracker.app

** BUILD SUCCEEDED **

